<?xml version="1.0" encoding="UTF-8"?>
<!-- Generated by org.testng.reporters.JUnitReportReporter -->
<testsuite hostname="DESKTOP-UIFG9QV" failures="0" tests="1" name="Test_Runner.Login_test" time="13.101" errors="0" timestamp="2021-03-25T07:10:01 IST" skipped="0">
  <testcase classname="Test_Runner.Login_test" name="run_login_test" time="13.101"/>
  <system-out/>
</testsuite> <!-- Test_Runner.Login_test -->
