<?xml version="1.0" encoding="UTF-8"?>
<!-- Generated by org.testng.reporters.JUnitReportReporter -->
<testsuite hostname="DESKTOP-UIFG9QV" failures="0" tests="1" name="Test_Runner.Make_Appointment_Test" time="13.767" errors="0" timestamp="2021-03-25T07:38:24 IST" skipped="0">
  <testcase classname="Test_Runner.Make_Appointment_Test" name="run_Make_Appointment_Test" time="13.767"/>
  <system-out/>
</testsuite> <!-- Test_Runner.Make_Appointment_Test -->
